[20-May-2025 15:11:12 Europe/Berlin] PHP Warning:  require_once(C:\GitHub\Payment_Gateway\config/../config.php): Failed to open stream: No such file or directory in C:\GitHub\Payment_Gateway\config\db.php on line 5
[20-May-2025 15:11:12 Europe/Berlin] PHP Fatal error:  Uncaught Error: Failed opening required 'C:\GitHub\Payment_Gateway\config/../config.php' (include_path='C:\xampp\php\PEAR') in C:\GitHub\Payment_Gateway\config\db.php:5
Stack trace:
#0 C:\GitHub\Payment_Gateway\src\backend\api\products\product_api.php(38): require_once()
#1 {main}
  thrown in C:\GitHub\Payment_Gateway\config\db.php on line 5
[20-May-2025 15:11:19 Europe/Berlin] PHP Warning:  require_once(C:\GitHub\Payment_Gateway\config/../config.php): Failed to open stream: No such file or directory in C:\GitHub\Payment_Gateway\config\db.php on line 5
[20-May-2025 15:11:19 Europe/Berlin] PHP Fatal error:  Uncaught Error: Failed opening required 'C:\GitHub\Payment_Gateway\config/../config.php' (include_path='C:\xampp\php\PEAR') in C:\GitHub\Payment_Gateway\config\db.php:5
Stack trace:
#0 C:\GitHub\Payment_Gateway\src\backend\api\products\product_api.php(38): require_once()
#1 {main}
  thrown in C:\GitHub\Payment_Gateway\config\db.php on line 5
[20-May-2025 15:13:14 Europe/Berlin] PHP Warning:  require_once(C:\GitHub\Payment_Gateway\config/../config.php): Failed to open stream: No such file or directory in C:\GitHub\Payment_Gateway\config\db.php on line 5
[20-May-2025 15:13:14 Europe/Berlin] PHP Fatal error:  Uncaught Error: Failed opening required 'C:\GitHub\Payment_Gateway\config/../config.php' (include_path='C:\xampp\php\PEAR') in C:\GitHub\Payment_Gateway\config\db.php:5
Stack trace:
#0 C:\GitHub\Payment_Gateway\src\backend\api\products\product_api.php(47): require_once()
#1 {main}
  thrown in C:\GitHub\Payment_Gateway\config\db.php on line 5
[20-May-2025 15:13:21 Europe/Berlin] PHP Warning:  require_once(C:\GitHub\Payment_Gateway\config/../config.php): Failed to open stream: No such file or directory in C:\GitHub\Payment_Gateway\config\db.php on line 5
[20-May-2025 15:13:21 Europe/Berlin] PHP Fatal error:  Uncaught Error: Failed opening required 'C:\GitHub\Payment_Gateway\config/../config.php' (include_path='C:\xampp\php\PEAR') in C:\GitHub\Payment_Gateway\config\db.php:5
Stack trace:
#0 C:\GitHub\Payment_Gateway\src\backend\api\products\product_api.php(47): require_once()
#1 {main}
  thrown in C:\GitHub\Payment_Gateway\config\db.php on line 5
[20-May-2025 15:14:18 Europe/Berlin] PHP Warning:  require_once(C:\GitHub\Payment_Gateway\config/../config.php): Failed to open stream: No such file or directory in C:\GitHub\Payment_Gateway\config\db.php on line 5
[20-May-2025 15:14:18 Europe/Berlin] PHP Fatal error:  Uncaught Error: Failed opening required 'C:\GitHub\Payment_Gateway\config/../config.php' (include_path='C:\xampp\php\PEAR') in C:\GitHub\Payment_Gateway\config\db.php:5
Stack trace:
#0 C:\GitHub\Payment_Gateway\src\backend\api\products\product_api.php(47): require_once()
#1 {main}
  thrown in C:\GitHub\Payment_Gateway\config\db.php on line 5
[20-May-2025 15:14:26 Europe/Berlin] PHP Warning:  require_once(C:\GitHub\Payment_Gateway\config/../config.php): Failed to open stream: No such file or directory in C:\GitHub\Payment_Gateway\config\db.php on line 5
[20-May-2025 15:14:26 Europe/Berlin] PHP Fatal error:  Uncaught Error: Failed opening required 'C:\GitHub\Payment_Gateway\config/../config.php' (include_path='C:\xampp\php\PEAR') in C:\GitHub\Payment_Gateway\config\db.php:5
Stack trace:
#0 C:\GitHub\Payment_Gateway\src\backend\api\products\product_api.php(47): require_once()
#1 {main}
  thrown in C:\GitHub\Payment_Gateway\config\db.php on line 5
[20-May-2025 15:21:54 Europe/Berlin] PHP Warning:  require_once(C:\GitHub\Payment_Gateway\config/../config.php): Failed to open stream: No such file or directory in C:\GitHub\Payment_Gateway\config\db.php on line 5
[20-May-2025 15:21:54 Europe/Berlin] PHP Fatal error:  Uncaught Error: Failed opening required 'C:\GitHub\Payment_Gateway\config/../config.php' (include_path='C:\xampp\php\PEAR') in C:\GitHub\Payment_Gateway\config\db.php:5
Stack trace:
#0 C:\GitHub\Payment_Gateway\src\backend\api\products\product_api.php(51): require_once()
#1 {main}
  thrown in C:\GitHub\Payment_Gateway\config\db.php on line 5
[20-May-2025 15:22:03 Europe/Berlin] PHP Warning:  require_once(C:\GitHub\Payment_Gateway\config/../config.php): Failed to open stream: No such file or directory in C:\GitHub\Payment_Gateway\config\db.php on line 5
[20-May-2025 15:22:03 Europe/Berlin] PHP Fatal error:  Uncaught Error: Failed opening required 'C:\GitHub\Payment_Gateway\config/../config.php' (include_path='C:\xampp\php\PEAR') in C:\GitHub\Payment_Gateway\config\db.php:5
Stack trace:
#0 C:\GitHub\Payment_Gateway\src\backend\api\products\product_api.php(51): require_once()
#1 {main}
  thrown in C:\GitHub\Payment_Gateway\config\db.php on line 5
[21-May-2025 16:42:40 Europe/Berlin] General Error: You have an error in your SQL syntax; check the manual that corresponds to your MariaDB server version for the right syntax to use near ':code OR sku = :code OR product_id = :code' at line 2
[21-May-2025 16:43:00 Europe/Berlin] General Error: You have an error in your SQL syntax; check the manual that corresponds to your MariaDB server version for the right syntax to use near ':code OR sku = :code OR product_id = :code' at line 2
[21-May-2025 16:43:09 Europe/Berlin] General Error: You have an error in your SQL syntax; check the manual that corresponds to your MariaDB server version for the right syntax to use near ':code OR sku = :code OR product_id = :code' at line 2
